DEBUG - 2026-01-23 09:20:16 --> Session: Class initialized using 'CodeIgniter\Session\Handlers\FileHandler' driver.
DEBUG - 2026-01-23 09:20:41 --> Session: Class initialized using 'CodeIgniter\Session\Handlers\FileHandler' driver.
DEBUG - 2026-01-23 09:20:57 --> Session: Class initialized using 'CodeIgniter\Session\Handlers\FileHandler' driver.
DEBUG - 2026-01-23 09:20:58 --> Session: Class initialized using 'CodeIgniter\Session\Handlers\FileHandler' driver.
DEBUG - 2026-01-23 09:21:20 --> Session: Class initialized using 'CodeIgniter\Session\Handlers\FileHandler' driver.
DEBUG - 2026-01-23 09:21:21 --> Session: Class initialized using 'CodeIgniter\Session\Handlers\FileHandler' driver.
DEBUG - 2026-01-23 09:21:30 --> Session: Class initialized using 'CodeIgniter\Session\Handlers\FileHandler' driver.
DEBUG - 2026-01-23 09:21:36 --> Session: Class initialized using 'CodeIgniter\Session\Handlers\FileHandler' driver.
DEBUG - 2026-01-23 09:21:39 --> Session: Class initialized using 'CodeIgniter\Session\Handlers\FileHandler' driver.
DEBUG - 2026-01-23 09:24:41 --> Session: Class initialized using 'CodeIgniter\Session\Handlers\FileHandler' driver.
DEBUG - 2026-01-23 09:24:44 --> Session: Class initialized using 'CodeIgniter\Session\Handlers\FileHandler' driver.
ERROR - 2026-01-23 09:24:44 --> mysqli_sql_exception: Unknown column 'avaiable_at_certificate' in 'field list' in C:\laragon\www\academy-ci4\vendor\codeigniter4\framework\system\Database\MySQLi\Connection.php:327
Stack trace:
#0 C:\laragon\www\academy-ci4\vendor\codeigniter4\framework\system\Database\MySQLi\Connection.php(327): mysqli->query('INSERT INTO `ce...', 0)
#1 C:\laragon\www\academy-ci4\vendor\codeigniter4\framework\system\Database\BaseConnection.php(729): CodeIgniter\Database\MySQLi\Connection->execute('INSERT INTO `ce...')
#2 C:\laragon\www\academy-ci4\vendor\codeigniter4\framework\system\Database\BaseConnection.php(646): CodeIgniter\Database\BaseConnection->simpleQuery('INSERT INTO `ce...')
#3 C:\laragon\www\academy-ci4\vendor\codeigniter4\framework\system\Database\BaseBuilder.php(2345): CodeIgniter\Database\BaseConnection->query('INSERT INTO `ce...', Array, false)
#4 C:\laragon\www\academy-ci4\vendor\codeigniter4\framework\system\Model.php(394): CodeIgniter\Database\BaseBuilder->insert()
#5 C:\laragon\www\academy-ci4\vendor\codeigniter4\framework\system\BaseModel.php(838): CodeIgniter\Model->doInsert(Array)
#6 C:\laragon\www\academy-ci4\vendor\codeigniter4\framework\system\Model.php(797): CodeIgniter\BaseModel->insert(Array, true)
#7 C:\laragon\www\academy-ci4\app\Controllers\Certificates.php(91): CodeIgniter\Model->insert(Array)
#8 C:\laragon\www\academy-ci4\vendor\codeigniter4\framework\system\CodeIgniter.php(933): App\Controllers\Certificates->createPending()
#9 C:\laragon\www\academy-ci4\vendor\codeigniter4\framework\system\CodeIgniter.php(507): CodeIgniter\CodeIgniter->runController(Object(App\Controllers\Certificates))
#10 C:\laragon\www\academy-ci4\vendor\codeigniter4\framework\system\CodeIgniter.php(354): CodeIgniter\CodeIgniter->handleRequest(NULL, Object(Config\Cache), false)
#11 C:\laragon\www\academy-ci4\vendor\codeigniter4\framework\system\Boot.php(363): CodeIgniter\CodeIgniter->run()
#12 C:\laragon\www\academy-ci4\vendor\codeigniter4\framework\system\Boot.php(68): CodeIgniter\Boot::runCodeIgniter(Object(CodeIgniter\CodeIgniter))
#13 C:\laragon\www\academy-ci4\public\index.php(59): CodeIgniter\Boot::bootWeb(Object(Config\Paths))
#14 {main}
CRITICAL - 2026-01-23 09:24:44 --> CodeIgniter\Database\Exceptions\DatabaseException: Unknown column 'avaiable_at_certificate' in 'field list'
[Method: POST, Route: student/certificates/pending]
in SYSTEMPATH\Database\BaseConnection.php on line 684.
 1 SYSTEMPATH\Database\BaseBuilder.php(2345): CodeIgniter\Database\BaseConnection->query('INSERT INTO `certificates` (`id_user_certificate`, `id_course_certificate`, `uuid_certificate`, `hash_certificate`, `avaiable_at_certificate`, `created_at`, `updated_at`) VALUES (:id_user_certificate:, :id_course_certificate:, :uuid_certificate:, :hash_certificate:, :avaiable_at_certificate:, :created_at:, :updated_at:)', [...], false)
 2 SYSTEMPATH\Model.php(394): CodeIgniter\Database\BaseBuilder->insert()
 3 SYSTEMPATH\BaseModel.php(838): CodeIgniter\Model->doInsert([...])
 4 SYSTEMPATH\Model.php(797): CodeIgniter\BaseModel->insert([...], true)
 5 APPPATH\Controllers\Certificates.php(91): CodeIgniter\Model->insert([...])
 6 SYSTEMPATH\CodeIgniter.php(933): App\Controllers\Certificates->createPending()
 7 SYSTEMPATH\CodeIgniter.php(507): CodeIgniter\CodeIgniter->runController(Object(App\Controllers\Certificates))
 8 SYSTEMPATH\CodeIgniter.php(354): CodeIgniter\CodeIgniter->handleRequest(null, Object(Config\Cache), false)
 9 SYSTEMPATH\Boot.php(363): CodeIgniter\CodeIgniter->run()
10 SYSTEMPATH\Boot.php(68): CodeIgniter\Boot::runCodeIgniter(Object(CodeIgniter\CodeIgniter))
11 FCPATH\index.php(59): CodeIgniter\Boot::bootWeb(Object(Config\Paths))
CRITICAL - 2026-01-23 09:24:44 --> [Caused by] CodeIgniter\Database\Exceptions\DatabaseException: Unknown column 'avaiable_at_certificate' in 'field list'
in SYSTEMPATH\Database\MySQLi\Connection.php on line 332.
 1 SYSTEMPATH\Database\BaseConnection.php(729): CodeIgniter\Database\MySQLi\Connection->execute('INSERT INTO `certificates` (`id_user_certificate`, `id_course_certificate`, `uuid_certificate`, `hash_certificate`, `avaiable_at_certificate`, `created_at`, `updated_at`) VALUES (19, 21, \'5762726909f35573b8d1293944c509ac\', \'c1a21e4a507e041ec63bc249d9705d121634ecf2d93b09de4232dfff55b5b94f\', \'2026-01-24 18:17:13\', \'2026-01-23 09:24:44\', \'2026-01-23 09:24:44\')')
 2 SYSTEMPATH\Database\BaseConnection.php(646): CodeIgniter\Database\BaseConnection->simpleQuery('INSERT INTO `certificates` (`id_user_certificate`, `id_course_certificate`, `uuid_certificate`, `hash_certificate`, `avaiable_at_certificate`, `created_at`, `updated_at`) VALUES (19, 21, \'5762726909f35573b8d1293944c509ac\', \'c1a21e4a507e041ec63bc249d9705d121634ecf2d93b09de4232dfff55b5b94f\', \'2026-01-24 18:17:13\', \'2026-01-23 09:24:44\', \'2026-01-23 09:24:44\')')
 3 SYSTEMPATH\Database\BaseBuilder.php(2345): CodeIgniter\Database\BaseConnection->query('INSERT INTO `certificates` (`id_user_certificate`, `id_course_certificate`, `uuid_certificate`, `hash_certificate`, `avaiable_at_certificate`, `created_at`, `updated_at`) VALUES (:id_user_certificate:, :id_course_certificate:, :uuid_certificate:, :hash_certificate:, :avaiable_at_certificate:, :created_at:, :updated_at:)', [...], false)
 4 SYSTEMPATH\Model.php(394): CodeIgniter\Database\BaseBuilder->insert()
 5 SYSTEMPATH\BaseModel.php(838): CodeIgniter\Model->doInsert([...])
 6 SYSTEMPATH\Model.php(797): CodeIgniter\BaseModel->insert([...], true)
 7 APPPATH\Controllers\Certificates.php(91): CodeIgniter\Model->insert([...])
 8 SYSTEMPATH\CodeIgniter.php(933): App\Controllers\Certificates->createPending()
 9 SYSTEMPATH\CodeIgniter.php(507): CodeIgniter\CodeIgniter->runController(Object(App\Controllers\Certificates))
10 SYSTEMPATH\CodeIgniter.php(354): CodeIgniter\CodeIgniter->handleRequest(null, Object(Config\Cache), false)
11 SYSTEMPATH\Boot.php(363): CodeIgniter\CodeIgniter->run()
12 SYSTEMPATH\Boot.php(68): CodeIgniter\Boot::runCodeIgniter(Object(CodeIgniter\CodeIgniter))
13 FCPATH\index.php(59): CodeIgniter\Boot::bootWeb(Object(Config\Paths))
CRITICAL - 2026-01-23 09:24:44 --> [Caused by] mysqli_sql_exception: Unknown column 'avaiable_at_certificate' in 'field list'
in SYSTEMPATH\Database\MySQLi\Connection.php on line 327.
 1 SYSTEMPATH\Database\MySQLi\Connection.php(327): mysqli->query('INSERT INTO `certificates` (`id_user_certificate`, `id_course_certificate`, `uuid_certificate`, `hash_certificate`, `avaiable_at_certificate`, `created_at`, `updated_at`) VALUES (19, 21, \'5762726909f35573b8d1293944c509ac\', \'c1a21e4a507e041ec63bc249d9705d121634ecf2d93b09de4232dfff55b5b94f\', \'2026-01-24 18:17:13\', \'2026-01-23 09:24:44\', \'2026-01-23 09:24:44\')', 0)
 2 SYSTEMPATH\Database\BaseConnection.php(729): CodeIgniter\Database\MySQLi\Connection->execute('INSERT INTO `certificates` (`id_user_certificate`, `id_course_certificate`, `uuid_certificate`, `hash_certificate`, `avaiable_at_certificate`, `created_at`, `updated_at`) VALUES (19, 21, \'5762726909f35573b8d1293944c509ac\', \'c1a21e4a507e041ec63bc249d9705d121634ecf2d93b09de4232dfff55b5b94f\', \'2026-01-24 18:17:13\', \'2026-01-23 09:24:44\', \'2026-01-23 09:24:44\')')
 3 SYSTEMPATH\Database\BaseConnection.php(646): CodeIgniter\Database\BaseConnection->simpleQuery('INSERT INTO `certificates` (`id_user_certificate`, `id_course_certificate`, `uuid_certificate`, `hash_certificate`, `avaiable_at_certificate`, `created_at`, `updated_at`) VALUES (19, 21, \'5762726909f35573b8d1293944c509ac\', \'c1a21e4a507e041ec63bc249d9705d121634ecf2d93b09de4232dfff55b5b94f\', \'2026-01-24 18:17:13\', \'2026-01-23 09:24:44\', \'2026-01-23 09:24:44\')')
 4 SYSTEMPATH\Database\BaseBuilder.php(2345): CodeIgniter\Database\BaseConnection->query('INSERT INTO `certificates` (`id_user_certificate`, `id_course_certificate`, `uuid_certificate`, `hash_certificate`, `avaiable_at_certificate`, `created_at`, `updated_at`) VALUES (:id_user_certificate:, :id_course_certificate:, :uuid_certificate:, :hash_certificate:, :avaiable_at_certificate:, :created_at:, :updated_at:)', [...], false)
 5 SYSTEMPATH\Model.php(394): CodeIgniter\Database\BaseBuilder->insert()
 6 SYSTEMPATH\BaseModel.php(838): CodeIgniter\Model->doInsert([...])
 7 SYSTEMPATH\Model.php(797): CodeIgniter\BaseModel->insert([...], true)
 8 APPPATH\Controllers\Certificates.php(91): CodeIgniter\Model->insert([...])
 9 SYSTEMPATH\CodeIgniter.php(933): App\Controllers\Certificates->createPending()
10 SYSTEMPATH\CodeIgniter.php(507): CodeIgniter\CodeIgniter->runController(Object(App\Controllers\Certificates))
11 SYSTEMPATH\CodeIgniter.php(354): CodeIgniter\CodeIgniter->handleRequest(null, Object(Config\Cache), false)
12 SYSTEMPATH\Boot.php(363): CodeIgniter\CodeIgniter->run()
13 SYSTEMPATH\Boot.php(68): CodeIgniter\Boot::runCodeIgniter(Object(CodeIgniter\CodeIgniter))
14 FCPATH\index.php(59): CodeIgniter\Boot::bootWeb(Object(Config\Paths))
DEBUG - 2026-01-23 14:16:31 --> Session: Class initialized using 'CodeIgniter\Session\Handlers\FileHandler' driver.
DEBUG - 2026-01-23 14:16:31 --> Session: Class initialized using 'CodeIgniter\Session\Handlers\FileHandler' driver.
DEBUG - 2026-01-23 14:16:36 --> Session: Class initialized using 'CodeIgniter\Session\Handlers\FileHandler' driver.
DEBUG - 2026-01-23 14:16:36 --> Session: Class initialized using 'CodeIgniter\Session\Handlers\FileHandler' driver.
DEBUG - 2026-01-23 14:16:40 --> Session: Class initialized using 'CodeIgniter\Session\Handlers\FileHandler' driver.
DEBUG - 2026-01-23 14:16:46 --> Session: Class initialized using 'CodeIgniter\Session\Handlers\FileHandler' driver.
DEBUG - 2026-01-23 14:16:53 --> Session: Class initialized using 'CodeIgniter\Session\Handlers\FileHandler' driver.
DEBUG - 2026-01-23 14:16:56 --> Session: Class initialized using 'CodeIgniter\Session\Handlers\FileHandler' driver.
DEBUG - 2026-01-23 14:17:00 --> Session: Class initialized using 'CodeIgniter\Session\Handlers\FileHandler' driver.
ERROR - 2026-01-23 14:17:00 --> mysqli_sql_exception: Unknown column 'avaiable_at_certificate' in 'field list' in C:\laragon\www\academy-ci4\vendor\codeigniter4\framework\system\Database\MySQLi\Connection.php:327
Stack trace:
#0 C:\laragon\www\academy-ci4\vendor\codeigniter4\framework\system\Database\MySQLi\Connection.php(327): mysqli->query('INSERT INTO `ce...', 0)
#1 C:\laragon\www\academy-ci4\vendor\codeigniter4\framework\system\Database\BaseConnection.php(729): CodeIgniter\Database\MySQLi\Connection->execute('INSERT INTO `ce...')
#2 C:\laragon\www\academy-ci4\vendor\codeigniter4\framework\system\Database\BaseConnection.php(646): CodeIgniter\Database\BaseConnection->simpleQuery('INSERT INTO `ce...')
#3 C:\laragon\www\academy-ci4\vendor\codeigniter4\framework\system\Database\BaseBuilder.php(2345): CodeIgniter\Database\BaseConnection->query('INSERT INTO `ce...', Array, false)
#4 C:\laragon\www\academy-ci4\vendor\codeigniter4\framework\system\Model.php(394): CodeIgniter\Database\BaseBuilder->insert()
#5 C:\laragon\www\academy-ci4\vendor\codeigniter4\framework\system\BaseModel.php(838): CodeIgniter\Model->doInsert(Array)
#6 C:\laragon\www\academy-ci4\vendor\codeigniter4\framework\system\Model.php(797): CodeIgniter\BaseModel->insert(Array, true)
#7 C:\laragon\www\academy-ci4\app\Controllers\Certificates.php(91): CodeIgniter\Model->insert(Array)
#8 C:\laragon\www\academy-ci4\vendor\codeigniter4\framework\system\CodeIgniter.php(933): App\Controllers\Certificates->createPending()
#9 C:\laragon\www\academy-ci4\vendor\codeigniter4\framework\system\CodeIgniter.php(507): CodeIgniter\CodeIgniter->runController(Object(App\Controllers\Certificates))
#10 C:\laragon\www\academy-ci4\vendor\codeigniter4\framework\system\CodeIgniter.php(354): CodeIgniter\CodeIgniter->handleRequest(NULL, Object(Config\Cache), false)
#11 C:\laragon\www\academy-ci4\vendor\codeigniter4\framework\system\Boot.php(363): CodeIgniter\CodeIgniter->run()
#12 C:\laragon\www\academy-ci4\vendor\codeigniter4\framework\system\Boot.php(68): CodeIgniter\Boot::runCodeIgniter(Object(CodeIgniter\CodeIgniter))
#13 C:\laragon\www\academy-ci4\public\index.php(59): CodeIgniter\Boot::bootWeb(Object(Config\Paths))
#14 {main}
CRITICAL - 2026-01-23 14:17:00 --> CodeIgniter\Database\Exceptions\DatabaseException: Unknown column 'avaiable_at_certificate' in 'field list'
[Method: POST, Route: student/certificates/pending]
in SYSTEMPATH\Database\BaseConnection.php on line 684.
 1 SYSTEMPATH\Database\BaseBuilder.php(2345): CodeIgniter\Database\BaseConnection->query('INSERT INTO `certificates` (`id_user_certificate`, `id_course_certificate`, `uuid_certificate`, `hash_certificate`, `avaiable_at_certificate`, `created_at`, `updated_at`) VALUES (:id_user_certificate:, :id_course_certificate:, :uuid_certificate:, :hash_certificate:, :avaiable_at_certificate:, :created_at:, :updated_at:)', [...], false)
 2 SYSTEMPATH\Model.php(394): CodeIgniter\Database\BaseBuilder->insert()
 3 SYSTEMPATH\BaseModel.php(838): CodeIgniter\Model->doInsert([...])
 4 SYSTEMPATH\Model.php(797): CodeIgniter\BaseModel->insert([...], true)
 5 APPPATH\Controllers\Certificates.php(91): CodeIgniter\Model->insert([...])
 6 SYSTEMPATH\CodeIgniter.php(933): App\Controllers\Certificates->createPending()
 7 SYSTEMPATH\CodeIgniter.php(507): CodeIgniter\CodeIgniter->runController(Object(App\Controllers\Certificates))
 8 SYSTEMPATH\CodeIgniter.php(354): CodeIgniter\CodeIgniter->handleRequest(null, Object(Config\Cache), false)
 9 SYSTEMPATH\Boot.php(363): CodeIgniter\CodeIgniter->run()
10 SYSTEMPATH\Boot.php(68): CodeIgniter\Boot::runCodeIgniter(Object(CodeIgniter\CodeIgniter))
11 FCPATH\index.php(59): CodeIgniter\Boot::bootWeb(Object(Config\Paths))
CRITICAL - 2026-01-23 14:17:00 --> [Caused by] CodeIgniter\Database\Exceptions\DatabaseException: Unknown column 'avaiable_at_certificate' in 'field list'
in SYSTEMPATH\Database\MySQLi\Connection.php on line 332.
 1 SYSTEMPATH\Database\BaseConnection.php(729): CodeIgniter\Database\MySQLi\Connection->execute('INSERT INTO `certificates` (`id_user_certificate`, `id_course_certificate`, `uuid_certificate`, `hash_certificate`, `avaiable_at_certificate`, `created_at`, `updated_at`) VALUES (19, 21, \'3ddaf21e9b63cf03e902c2ca9f0a3bb7\', \'e238ab9a2ea71a64c81207bf154c8ffa64ba80405b35a56341f32a593a609a1b\', \'2026-01-24 18:17:13\', \'2026-01-23 14:17:00\', \'2026-01-23 14:17:00\')')
 2 SYSTEMPATH\Database\BaseConnection.php(646): CodeIgniter\Database\BaseConnection->simpleQuery('INSERT INTO `certificates` (`id_user_certificate`, `id_course_certificate`, `uuid_certificate`, `hash_certificate`, `avaiable_at_certificate`, `created_at`, `updated_at`) VALUES (19, 21, \'3ddaf21e9b63cf03e902c2ca9f0a3bb7\', \'e238ab9a2ea71a64c81207bf154c8ffa64ba80405b35a56341f32a593a609a1b\', \'2026-01-24 18:17:13\', \'2026-01-23 14:17:00\', \'2026-01-23 14:17:00\')')
 3 SYSTEMPATH\Database\BaseBuilder.php(2345): CodeIgniter\Database\BaseConnection->query('INSERT INTO `certificates` (`id_user_certificate`, `id_course_certificate`, `uuid_certificate`, `hash_certificate`, `avaiable_at_certificate`, `created_at`, `updated_at`) VALUES (:id_user_certificate:, :id_course_certificate:, :uuid_certificate:, :hash_certificate:, :avaiable_at_certificate:, :created_at:, :updated_at:)', [...], false)
 4 SYSTEMPATH\Model.php(394): CodeIgniter\Database\BaseBuilder->insert()
 5 SYSTEMPATH\BaseModel.php(838): CodeIgniter\Model->doInsert([...])
 6 SYSTEMPATH\Model.php(797): CodeIgniter\BaseModel->insert([...], true)
 7 APPPATH\Controllers\Certificates.php(91): CodeIgniter\Model->insert([...])
 8 SYSTEMPATH\CodeIgniter.php(933): App\Controllers\Certificates->createPending()
 9 SYSTEMPATH\CodeIgniter.php(507): CodeIgniter\CodeIgniter->runController(Object(App\Controllers\Certificates))
10 SYSTEMPATH\CodeIgniter.php(354): CodeIgniter\CodeIgniter->handleRequest(null, Object(Config\Cache), false)
11 SYSTEMPATH\Boot.php(363): CodeIgniter\CodeIgniter->run()
12 SYSTEMPATH\Boot.php(68): CodeIgniter\Boot::runCodeIgniter(Object(CodeIgniter\CodeIgniter))
13 FCPATH\index.php(59): CodeIgniter\Boot::bootWeb(Object(Config\Paths))
CRITICAL - 2026-01-23 14:17:00 --> [Caused by] mysqli_sql_exception: Unknown column 'avaiable_at_certificate' in 'field list'
in SYSTEMPATH\Database\MySQLi\Connection.php on line 327.
 1 SYSTEMPATH\Database\MySQLi\Connection.php(327): mysqli->query('INSERT INTO `certificates` (`id_user_certificate`, `id_course_certificate`, `uuid_certificate`, `hash_certificate`, `avaiable_at_certificate`, `created_at`, `updated_at`) VALUES (19, 21, \'3ddaf21e9b63cf03e902c2ca9f0a3bb7\', \'e238ab9a2ea71a64c81207bf154c8ffa64ba80405b35a56341f32a593a609a1b\', \'2026-01-24 18:17:13\', \'2026-01-23 14:17:00\', \'2026-01-23 14:17:00\')', 0)
 2 SYSTEMPATH\Database\BaseConnection.php(729): CodeIgniter\Database\MySQLi\Connection->execute('INSERT INTO `certificates` (`id_user_certificate`, `id_course_certificate`, `uuid_certificate`, `hash_certificate`, `avaiable_at_certificate`, `created_at`, `updated_at`) VALUES (19, 21, \'3ddaf21e9b63cf03e902c2ca9f0a3bb7\', \'e238ab9a2ea71a64c81207bf154c8ffa64ba80405b35a56341f32a593a609a1b\', \'2026-01-24 18:17:13\', \'2026-01-23 14:17:00\', \'2026-01-23 14:17:00\')')
 3 SYSTEMPATH\Database\BaseConnection.php(646): CodeIgniter\Database\BaseConnection->simpleQuery('INSERT INTO `certificates` (`id_user_certificate`, `id_course_certificate`, `uuid_certificate`, `hash_certificate`, `avaiable_at_certificate`, `created_at`, `updated_at`) VALUES (19, 21, \'3ddaf21e9b63cf03e902c2ca9f0a3bb7\', \'e238ab9a2ea71a64c81207bf154c8ffa64ba80405b35a56341f32a593a609a1b\', \'2026-01-24 18:17:13\', \'2026-01-23 14:17:00\', \'2026-01-23 14:17:00\')')
 4 SYSTEMPATH\Database\BaseBuilder.php(2345): CodeIgniter\Database\BaseConnection->query('INSERT INTO `certificates` (`id_user_certificate`, `id_course_certificate`, `uuid_certificate`, `hash_certificate`, `avaiable_at_certificate`, `created_at`, `updated_at`) VALUES (:id_user_certificate:, :id_course_certificate:, :uuid_certificate:, :hash_certificate:, :avaiable_at_certificate:, :created_at:, :updated_at:)', [...], false)
 5 SYSTEMPATH\Model.php(394): CodeIgniter\Database\BaseBuilder->insert()
 6 SYSTEMPATH\BaseModel.php(838): CodeIgniter\Model->doInsert([...])
 7 SYSTEMPATH\Model.php(797): CodeIgniter\BaseModel->insert([...], true)
 8 APPPATH\Controllers\Certificates.php(91): CodeIgniter\Model->insert([...])
 9 SYSTEMPATH\CodeIgniter.php(933): App\Controllers\Certificates->createPending()
10 SYSTEMPATH\CodeIgniter.php(507): CodeIgniter\CodeIgniter->runController(Object(App\Controllers\Certificates))
11 SYSTEMPATH\CodeIgniter.php(354): CodeIgniter\CodeIgniter->handleRequest(null, Object(Config\Cache), false)
12 SYSTEMPATH\Boot.php(363): CodeIgniter\CodeIgniter->run()
13 SYSTEMPATH\Boot.php(68): CodeIgniter\Boot::runCodeIgniter(Object(CodeIgniter\CodeIgniter))
14 FCPATH\index.php(59): CodeIgniter\Boot::bootWeb(Object(Config\Paths))
DEBUG - 2026-01-23 14:17:10 --> Session: Class initialized using 'CodeIgniter\Session\Handlers\FileHandler' driver.
DEBUG - 2026-01-23 14:19:36 --> Session: Class initialized using 'CodeIgniter\Session\Handlers\FileHandler' driver.
DEBUG - 2026-01-23 14:19:55 --> Session: Class initialized using 'CodeIgniter\Session\Handlers\FileHandler' driver.
DEBUG - 2026-01-23 15:30:02 --> Session: Class initialized using 'CodeIgniter\Session\Handlers\FileHandler' driver.
